0 info it worked if it ends with ok
1 verbose cli [ '/home/ashley/.nvm/versions/node/v5.5.0/bin/node',
1 verbose cli   '/home/ashley/.nvm/versions/node/v5.5.0/bin/npm',
1 verbose cli   'run',
1 verbose cli   'typings',
1 verbose cli   'install' ]
2 info using npm@3.6.0
3 info using node@v5.5.0
4 verbose stack Error: missing script: typings
4 verbose stack     at run (/home/ashley/.nvm/versions/node/v5.5.0/lib/node_modules/npm/lib/run-script.js:147:19)
4 verbose stack     at /home/ashley/.nvm/versions/node/v5.5.0/lib/node_modules/npm/lib/run-script.js:57:5
4 verbose stack     at /home/ashley/.nvm/versions/node/v5.5.0/lib/node_modules/npm/node_modules/read-package-json/read-json.js:345:5
4 verbose stack     at checkBinReferences_ (/home/ashley/.nvm/versions/node/v5.5.0/lib/node_modules/npm/node_modules/read-package-json/read-json.js:309:45)
4 verbose stack     at final (/home/ashley/.nvm/versions/node/v5.5.0/lib/node_modules/npm/node_modules/read-package-json/read-json.js:343:3)
4 verbose stack     at then (/home/ashley/.nvm/versions/node/v5.5.0/lib/node_modules/npm/node_modules/read-package-json/read-json.js:113:5)
4 verbose stack     at ReadFileContext.<anonymous> (/home/ashley/.nvm/versions/node/v5.5.0/lib/node_modules/npm/node_modules/read-package-json/read-json.js:284:20)
4 verbose stack     at ReadFileContext.callback (/home/ashley/.nvm/versions/node/v5.5.0/lib/node_modules/npm/node_modules/graceful-fs/graceful-fs.js:76:16)
4 verbose stack     at FSReqWrap.readFileAfterOpen [as oncomplete] (fs.js:324:13)
5 verbose cwd /home/ashley/Dev/angular2-quickstart
6 error Linux 4.4.0-31-generic
7 error argv "/home/ashley/.nvm/versions/node/v5.5.0/bin/node" "/home/ashley/.nvm/versions/node/v5.5.0/bin/npm" "run" "typings" "install"
8 error node v5.5.0
9 error npm  v3.6.0
10 error missing script: typings
11 error If you need help, you may report this error at:
11 error     <https://github.com/npm/npm/issues>
12 verbose exit [ 1, true ]
